<component name="libraryTable">
  <library name="junit">
    <CLASSES>
      <root url="file://$APPLICATION_HOME_DIR$/plugins/junit" />
    </CLASSES>
    <JAVADOC />
    <SOURCES />
  </library>
</component>